0 info it worked if it ends with ok
1 verbose cli [ '/usr/bin/nodejs', '/usr/bin/npm', 'install', 'canvas2image' ]
2 info using npm@1.4.21
3 info using node@v0.10.25
4 verbose cache add [ 'canvas2image', null ]
5 verbose cache add name=undefined spec="canvas2image" args=["canvas2image",null]
6 verbose parsed url { protocol: null,
6 verbose parsed url   slashes: null,
6 verbose parsed url   auth: null,
6 verbose parsed url   host: null,
6 verbose parsed url   port: null,
6 verbose parsed url   hostname: null,
6 verbose parsed url   hash: null,
6 verbose parsed url   search: null,
6 verbose parsed url   query: null,
6 verbose parsed url   pathname: 'canvas2image',
6 verbose parsed url   path: 'canvas2image',
6 verbose parsed url   href: 'canvas2image' }
7 silly lockFile 2e4d71dd-canvas2image canvas2image
8 verbose lock canvas2image /home/oscar/.npm/2e4d71dd-canvas2image.lock
9 silly lockFile 2e4d71dd-canvas2image canvas2image
10 silly lockFile 2e4d71dd-canvas2image canvas2image
11 verbose addNamed [ 'canvas2image', '' ]
12 verbose addNamed [ null, '*' ]
13 silly lockFile 9931c7fc-canvas2image canvas2image@
14 verbose lock canvas2image@ /home/oscar/.npm/9931c7fc-canvas2image.lock
15 silly addNameRange { name: 'canvas2image', range: '*', hasData: false }
16 verbose request where is /canvas2image
17 verbose request registry https://registry.npmjs.org/
18 verbose request id ea82e6f2bd403ece
19 verbose url raw /canvas2image
20 verbose url resolving [ 'https://registry.npmjs.org/', './canvas2image' ]
21 verbose url resolved https://registry.npmjs.org/canvas2image
22 verbose request where is https://registry.npmjs.org/canvas2image
23 info trying registry request attempt 1 at 00:44:00
24 http GET https://registry.npmjs.org/canvas2image
25 http 404 https://registry.npmjs.org/canvas2image
26 verbose headers { server: 'CouchDB/1.5.0 (Erlang OTP/R16B03)',
26 verbose headers   'content-type': 'application/json',
26 verbose headers   'cache-control': 'max-age=0',
26 verbose headers   'content-length': '51',
26 verbose headers   'accept-ranges': 'bytes',
26 verbose headers   date: 'Wed, 15 Jul 2015 05:44:00 GMT',
26 verbose headers   via: '1.1 varnish',
26 verbose headers   age: '0',
26 verbose headers   connection: 'keep-alive',
26 verbose headers   'x-served-by': 'cache-lax1428-LAX',
26 verbose headers   'x-cache': 'MISS',
26 verbose headers   'x-cache-hits': '0',
26 verbose headers   'x-timer': 'S1436939040.520753,VS0,VE52' }
27 silly registry.get cb [ 404,
27 silly registry.get   { server: 'CouchDB/1.5.0 (Erlang OTP/R16B03)',
27 silly registry.get     'content-type': 'application/json',
27 silly registry.get     'cache-control': 'max-age=0',
27 silly registry.get     'content-length': '51',
27 silly registry.get     'accept-ranges': 'bytes',
27 silly registry.get     date: 'Wed, 15 Jul 2015 05:44:00 GMT',
27 silly registry.get     via: '1.1 varnish',
27 silly registry.get     age: '0',
27 silly registry.get     connection: 'keep-alive',
27 silly registry.get     'x-served-by': 'cache-lax1428-LAX',
27 silly registry.get     'x-cache': 'MISS',
27 silly registry.get     'x-cache-hits': '0',
27 silly registry.get     'x-timer': 'S1436939040.520753,VS0,VE52' } ]
28 silly lockFile 9931c7fc-canvas2image canvas2image@
29 silly lockFile 9931c7fc-canvas2image canvas2image@
30 error 404 404 Not Found: canvas2image
30 error 404
30 error 404 'canvas2image' is not in the npm registry.
30 error 404 You should bug the author to publish it
30 error 404
30 error 404 Note that you can also install from a
30 error 404 tarball, folder, or http url, or git url.
31 error System Linux 3.19.0-21-generic
32 error command "/usr/bin/nodejs" "/usr/bin/npm" "install" "canvas2image"
33 error cwd /home/oscar/lccargo3
34 error node -v v0.10.25
35 error npm -v 1.4.21
36 error code E404
37 verbose exit [ 1, true ]
